
ROM used:   88/7936 (1%)
            88/7936 (1%) including unused fragments

            0.1 Average locations per line
            8.8 Average locations per statement

RAM used:   13/357 (4%) at main() level
            13/357 (4%) worst case

Stack used: 1 worst case (0 in main + 1 for interrupts)
Stack size: 7

Lines Stmts  %   Files
----- ----- ---  -----
   33    10 100  codigo.c
  661     0   0  ..\..\..\..\..\..\..\..\..\Program Files (x86)\PICC\devices\16F877A.h
----- -----
  694    10 Total

Page ROM  %  RAM   Vol Diff  Functions:
---- --- --- ---   --- ----  ----------
0     16  18    0    86  1.3  setup
0      9  10    0    17  0.8  comutar_RD2
0     16  18    0    38  1.2  MAIN
 Inline         0             @cinit1

Program metrics:
    Functions               3
    Statements              10
    Comments                111
    Volume (V)              200
    Difficulty (D)          3.4
    Effort to implement (E) 682
    Time to implement (T)   1 minutes
    Est Delivered Bugs (B)  0
    Cyclomatic Complexity   1
    Maintainability (MI)    130

 Segment     Used  Free
-----------  ----  ----
00000-00003     4  0  
00004-0002E    43  0  
0002F-007FF    41  1960  
00800-00FFF     0  2048  
01000-017FF     0  2048  
01800-01E7F     0  1664  
01E80-01EFF     0  128  



