
ROM used:   135/7936 (2%)
            135/7936 (2%) including unused fragments

            0.2 Average locations per line
            5.6 Average locations per statement

RAM used:   11/357 (3%) at main() level
            11/357 (3%) worst case

Stack used: 0 worst case (0 in main + 0 for interrupts)
Stack size: 7

Lines Stmts  %   Files
----- ----- ---  -----
  116    24 100  codigo.c
  661     0   0  ..\..\..\..\..\..\..\..\..\Program Files (x86)\PICC\devices\16F877A.h
----- -----
  777    24 Total

Page ROM  %  RAM   Vol Diff  Functions:
---- --- --- ---   --- ----  ----------
0     59  44    0   188  2.3  setup
0     72  53    1   315  4.6  MAIN
 Inline         0             @cinit1

Program metrics:
    Functions               2
    Statements              24
    Comments                237
    Volume (V)              604
    Difficulty (D)          6.7
    Effort to implement (E) 4056
    Time to implement (T)   4 minutes
    Est Delivered Bugs (B)  0
    Cyclomatic Complexity   3
    Maintainability (MI)    55

 Segment     Used  Free
-----------  ----  ----
00000-00003     4  0  
00004-007FF   131  1913  
00800-00FFF     0  2048  
01000-017FF     0  2048  
01800-01EFF     0  1792  



