
ROM used:   432/7936 (5%)
            432/7936 (5%) including unused fragments

            0.4 Average locations per line
            16.0 Average locations per statement

RAM used:   6/357 (2%) at main() level
            11/357 (3%) worst case

Stack used: 0 worst case (0 in main + 0 for interrupts)
Stack size: 7

Lines Stmts  %   Files
----- ----- ---  -----
   63    27 100  codigo.c
  661     0   0  ..\..\..\..\..\..\..\..\..\Program Files (x86)\PICC\devices\16F877A.h
  374     0   0  registradores16F.h
----- -----
 1098    27 Total

Page ROM  %  RAM   Vol Diff  Functions:
---- --- --- ---   --- ----  ----------
 Inline         3             @I2C_READ_1
0     92  21    1             @I2C_WRITE_1
0      9   2    0    32  1.0  setup
0    164  38    1   190  3.6  leitura_bot
0    141  33    1   190  2.7  estado_led
0     22   5    0    88  2.0  MAIN
 Inline         0             @cinit1

Program metrics:
    Functions               4
    Statements              27
    Comments                200
    Volume (V)              714
    Difficulty (D)          8.9
    Effort to implement (E) 6368
    Time to implement (T)   6 minutes
    Est Delivered Bugs (B)  0
    Cyclomatic Complexity   2
    Maintainability (MI)    63

 Segment     Used  Free
-----------  ----  ----
00000-00003     4  0  
00004-007FF   428  1616  
00800-00FFF     0  2048  
01000-017FF     0  2048  
01800-01E7F     0  1664  
01E80-01EFF     0  128  



