
ROM used:   218/7936 (3%)
            218/7936 (3%) including unused fragments

            0.2 Average locations per line
            5.3 Average locations per statement

RAM used:   19/357 (5%) at main() level
            22/357 (6%) worst case

Stack used: 1 worst case (0 in main + 1 for interrupts)
Stack size: 7

Lines Stmts  %   Files
----- ----- ---  -----
  130    33  80  codigo.c
  661     0   0  ..\..\..\..\..\..\..\..\..\Program Files (x86)\PICC\devices\16F877A.h
   21     8  20  Pisca_Alerta.h
  374     0   0  registradores16F.h
----- -----
 1186    41 Total

Page ROM  %  RAM   Vol Diff  Functions:
---- --- --- ---   --- ----  ----------
 Inline         0    42  1.4  config_timer0
0     16   7    0    96  2.9  Pisca_Alerta
0     32  15    0   179  1.8  setup
0     14   6    0             @const873
0      5   2    1   185  3.0  display
0     15   7    3   172  4.0  ms_delay
0     68  31    0   409  4.2  MAIN
0     21  10    3             @DIV88
 Inline         0             @cinit1

Program metrics:
    Functions               6
    Statements              41
    Comments                256
    Volume (V)              1631
    Difficulty (D)          17.2
    Effort to implement (E) 27995
    Time to implement (T)   26 minutes
    Est Delivered Bugs (B)  0
    Cyclomatic Complexity   4
    Maintainability (MI)    79

 Segment     Used  Free
-----------  ----  ----
00000-00003     4  0  
00004-0002E    43  0  
0002F-007FF   171  1830  
00800-00FFF     0  2048  
01000-017FF     0  2048  
01800-01E7F     0  1664  
01E80-01EFF     0  128  



