
ROM used:   51/7936 (1%)
            51/7936 (1%) including unused fragments

            0.1 Average locations per line
            10.2 Average locations per statement

RAM used:   6/357 (2%) at main() level
            7/357 (2%) worst case

Stack used: 0 worst case (0 in main + 0 for interrupts)
Stack size: 7

Lines Stmts  %   Files
----- ----- ---  -----
   20     5 100  codigo.c
  661     0   0  ..\..\..\..\..\..\..\..\..\..\Program Files (x86)\PICC\devices\16F877a.h
----- -----
  681     5 Total

Page ROM  %  RAM   Vol Diff  Functions:
---- --- --- ---   --- ----  ----------
0     22  43    1             @delay_ms1
0     25  49    1    67  1.6  main
 Inline         0             @cinit1

Program metrics:
    Functions               1
    Statements              5
    Comments                113
    Volume (V)              70
    Difficulty (D)          1.3
    Effort to implement (E) 90
    Time to implement (T)   0 minutes
    Est Delivered Bugs (B)  0
    Cyclomatic Complexity   1
    Maintainability (MI)    88

 Segment     Used  Free
-----------  ----  ----
00000-00003     4  0  
00004-007FF    47  1997  
00800-00FFF     0  2048  
01000-017FF     0  2048  
01800-01E7F     0  1664  
01E80-01EFF     0  128  



