
ROM used:   207/7936 (3%)
            207/7936 (3%) including unused fragments

            0.2 Average locations per line
            5.0 Average locations per statement

RAM used:   18/357 (5%) at main() level
            19/357 (5%) worst case

Stack used: 1 worst case (0 in main + 1 for interrupts)
Stack size: 7

Lines Stmts  %   Files
----- ----- ---  -----
  118    33  80  codigo.c
  661     0   0  ..\..\..\..\..\..\..\..\..\Program Files (x86)\PICC\devices\16F877A.h
  374     0   0  registradores16F.h
   21     8  20  Pisca_Alerta.h
----- -----
 1174    41 Total

Page ROM  %  RAM   Vol Diff  Functions:
---- --- --- ---   --- ----  ----------
 Inline         0    42  1.4  config_timer0
0     16   8    0    99  2.4  Pisca_Alerta
0     28  14    0   156  1.8  setup
0     14   7    0             @const869
0      5   2    1   185  3.0  display1
0     26  13    1   202  4.0  interrupcao
0     62  30    1   263  3.7  MAIN
 Inline         0             @cinit1

Program metrics:
    Functions               6
    Statements              41
    Comments                282
    Volume (V)              1456
    Difficulty (D)          16.4
    Effort to implement (E) 23912
    Time to implement (T)   22 minutes
    Est Delivered Bugs (B)  0
    Cyclomatic Complexity   5
    Maintainability (MI)    65

 Segment     Used  Free
-----------  ----  ----
00000-00003     4  0  
00004-00037    52  0  
00038-007FF   151  1841  
00800-00FFF     0  2048  
01000-017FF     0  2048  
01800-01E7F     0  1664  
01E80-01EFF     0  128  



